<?xml version="1.0" encoding="UTF-8"?>
<!-- Generated by org.testng.reporters.JUnitXMLReporter -->
<testsuite ignored="23" hostname="DESKTOP-8AABIJB" failures="0" tests="4" name="Test" time="169.466" errors="0" timestamp="2023-12-28T12:16:13 IST">
  <testcase classname="Scripts.DWS_TC_001_Test" name="loginWithValidCredentials" time="0.438"/>
  <testcase classname="Scripts.DWS_TC_002_Test" name="placingOrder" time="16.717"/>
  <testcase classname="Scripts.DWS_TC_003_Test" name="productToCartSection" time="5.625"/>
  <testcase classname="Scripts.DWS_TC_007_Test" name="placingOrderWithCashOnDelivery" time="14.764"/>
  <testcase classname="generic_lib.BaseScript" name="@AfterTest afterTest" time="0.0">
    <ignored/>
  </testcase> <!-- @AfterTest afterTest -->
  <testcase classname="generic_lib.BaseScript" name="@AfterTest afterTest" time="0.0">
    <ignored/>
  </testcase> <!-- @AfterTest afterTest -->
  <testcase classname="generic_lib.BaseScript" name="@AfterTest afterTest" time="0.0">
    <ignored/>
  </testcase> <!-- @AfterTest afterTest -->
  <testcase classname="generic_lib.BaseScript" name="@AfterTest afterTest" time="0.0">
    <ignored/>
  </testcase> <!-- @AfterTest afterTest -->
  <testcase classname="generic_lib.BaseScript" name="@AfterTest afterTest" time="0.0">
    <ignored/>
  </testcase> <!-- @AfterTest afterTest -->
  <testcase classname="generic_lib.BaseScript" name="@BeforeSuite beforeSuite" time="0.0">
    <ignored/>
  </testcase> <!-- @BeforeSuite beforeSuite -->
  <testcase classname="generic_lib.BaseScript" name="@BeforeSuite beforeSuite" time="0.0">
    <ignored/>
  </testcase> <!-- @BeforeSuite beforeSuite -->
  <testcase classname="generic_lib.BaseScript" name="@BeforeSuite beforeSuite" time="0.0">
    <ignored/>
  </testcase> <!-- @BeforeSuite beforeSuite -->
  <testcase classname="generic_lib.BaseScript" name="@BeforeSuite beforeSuite" time="0.0">
    <ignored/>
  </testcase> <!-- @BeforeSuite beforeSuite -->
  <testcase classname="generic_lib.BaseScript" name="@BeforeSuite beforeSuite" time="0.0">
    <ignored/>
  </testcase> <!-- @BeforeSuite beforeSuite -->
  <testcase classname="Scripts.DWS_TC_006_Test" name="registerAndLoginAndBuy" time="0.0">
    <ignored/>
  </testcase> <!-- registerAndLoginAndBuy -->
  <testcase classname="Scripts.DWS_TC_005_Test" name="productToCartSection" time="0.0">
    <ignored/>
  </testcase> <!-- productToCartSection -->
  <testcase classname="generic_lib.BaseScript" name="@AfterSuite afterSuite" time="0.0">
    <ignored/>
  </testcase> <!-- @AfterSuite afterSuite -->
  <testcase classname="generic_lib.BaseScript" name="@AfterSuite afterSuite" time="0.0">
    <ignored/>
  </testcase> <!-- @AfterSuite afterSuite -->
  <testcase classname="generic_lib.BaseScript" name="@AfterSuite afterSuite" time="0.0">
    <ignored/>
  </testcase> <!-- @AfterSuite afterSuite -->
  <testcase classname="generic_lib.BaseScript" name="@AfterSuite afterSuite" time="0.0">
    <ignored/>
  </testcase> <!-- @AfterSuite afterSuite -->
  <testcase classname="generic_lib.BaseScript" name="@AfterSuite afterSuite" time="0.0">
    <ignored/>
  </testcase> <!-- @AfterSuite afterSuite -->
  <testcase classname="generic_lib.BaseScript" name="@BeforeTest beforeTest" time="0.0">
    <ignored/>
  </testcase> <!-- @BeforeTest beforeTest -->
  <testcase classname="generic_lib.BaseScript" name="@BeforeTest beforeTest" time="0.0">
    <ignored/>
  </testcase> <!-- @BeforeTest beforeTest -->
  <testcase classname="generic_lib.BaseScript" name="@BeforeTest beforeTest" time="0.0">
    <ignored/>
  </testcase> <!-- @BeforeTest beforeTest -->
  <testcase classname="generic_lib.BaseScript" name="@BeforeTest beforeTest" time="0.0">
    <ignored/>
  </testcase> <!-- @BeforeTest beforeTest -->
  <testcase classname="generic_lib.BaseScript" name="@BeforeTest beforeTest" time="0.0">
    <ignored/>
  </testcase> <!-- @BeforeTest beforeTest -->
  <testcase classname="Scripts.DWS_TC_004_Test" name="placingOrderandVerifying" time="0.0">
    <ignored/>
  </testcase> <!-- placingOrderandVerifying -->
</testsuite> <!-- Test -->
